0 info it worked if it ends with ok
1 verbose cli [ '/Users/oscarlodriguez/.nvm/versions/node/v6.9.2/bin/node',
1 verbose cli   '/Users/oscarlodriguez/.nvm/versions/node/v6.9.2/bin/npm',
1 verbose cli   'start' ]
2 info using npm@3.10.9
3 info using node@v6.9.2
4 verbose run-script [ 'prestart', 'start', 'poststart' ]
5 info lifecycle 2d-physics-engine@0.0.2~prestart: 2d-physics-engine@0.0.2
6 silly lifecycle 2d-physics-engine@0.0.2~prestart: no script for prestart, continuing
7 info lifecycle 2d-physics-engine@0.0.2~start: 2d-physics-engine@0.0.2
8 verbose lifecycle 2d-physics-engine@0.0.2~start: unsafe-perm in lifecycle true
9 verbose lifecycle 2d-physics-engine@0.0.2~start: PATH: /Users/oscarlodriguez/.nvm/versions/node/v6.9.2/lib/node_modules/npm/bin/node-gyp-bin:/Users/oscarlodriguez/Dropbox/projects/2d-physics/lib/node_modules/.bin:/Users/oscarlodriguez/.nvm/versions/node/v6.9.2/bin:/usr/local/bin:/usr/bin:/bin:/usr/sbin:/sbin:/usr/local/Cellar/maven/3.3.3/libexec/bin:/Library/Frameworks/Firebird.framework/Resources/bin:/usr/local/Cellar/maven/3.3.3/libexec/bin:/Library/Frameworks/Firebird.framework/Resources/bin:/usr/local/go/bin
10 verbose lifecycle 2d-physics-engine@0.0.2~start: CWD: /Users/oscarlodriguez/Dropbox/projects/2d-physics/lib
11 silly lifecycle 2d-physics-engine@0.0.2~start: Args: [ '-c', 'npm i && webpack-dev-server --watch --inline' ]
12 silly lifecycle 2d-physics-engine@0.0.2~start: Returned: code: 1  signal: null
13 info lifecycle 2d-physics-engine@0.0.2~start: Failed to exec start script
14 verbose stack Error: 2d-physics-engine@0.0.2 start: `npm i && webpack-dev-server --watch --inline`
14 verbose stack Exit status 1
14 verbose stack     at EventEmitter.<anonymous> (/Users/oscarlodriguez/.nvm/versions/node/v6.9.2/lib/node_modules/npm/lib/utils/lifecycle.js:255:16)
14 verbose stack     at emitTwo (events.js:106:13)
14 verbose stack     at EventEmitter.emit (events.js:191:7)
14 verbose stack     at ChildProcess.<anonymous> (/Users/oscarlodriguez/.nvm/versions/node/v6.9.2/lib/node_modules/npm/lib/utils/spawn.js:40:14)
14 verbose stack     at emitTwo (events.js:106:13)
14 verbose stack     at ChildProcess.emit (events.js:191:7)
14 verbose stack     at maybeClose (internal/child_process.js:877:16)
14 verbose stack     at Process.ChildProcess._handle.onexit (internal/child_process.js:226:5)
15 verbose pkgid 2d-physics-engine@0.0.2
16 verbose cwd /Users/oscarlodriguez/Dropbox/projects/2d-physics/lib
17 error Darwin 16.4.0
18 error argv "/Users/oscarlodriguez/.nvm/versions/node/v6.9.2/bin/node" "/Users/oscarlodriguez/.nvm/versions/node/v6.9.2/bin/npm" "start"
19 error node v6.9.2
20 error npm  v3.10.9
21 error code ELIFECYCLE
22 error 2d-physics-engine@0.0.2 start: `npm i && webpack-dev-server --watch --inline`
22 error Exit status 1
23 error Failed at the 2d-physics-engine@0.0.2 start script 'npm i && webpack-dev-server --watch --inline'.
23 error Make sure you have the latest version of node.js and npm installed.
23 error If you do, this is most likely a problem with the 2d-physics-engine package,
23 error not with npm itself.
23 error Tell the author that this fails on your system:
23 error     npm i && webpack-dev-server --watch --inline
23 error You can get information on how to open an issue for this project with:
23 error     npm bugs 2d-physics-engine
23 error Or if that isn't available, you can get their info via:
23 error     npm owner ls 2d-physics-engine
23 error There is likely additional logging output above.
24 verbose exit [ 1, true ]
